<?xml version="1.0" encoding="UTF-8"?>
<!-- Generated by org.testng.reporters.JUnitReportReporter -->
<testsuite skipped="0" hostname="DESKTOP-OVVJR1P" name="TestCases.TC002" tests="1" failures="0" timestamp="27 Aug 2020 01:51:27 GMT" time="8.708" errors="0">
  <testcase name="testTC002" time="8.708" classname="TestCases.TC002"/>
</testsuite> <!-- TestCases.TC002 -->
