<?xml version="1.0" encoding="UTF-8"?>
<!-- Generated by org.testng.reporters.JUnitReportReporter -->
<testsuite skipped="0" hostname="DESKTOP-OVVJR1P" name="TestCases.TC001" tests="1" failures="0" timestamp="27 Aug 2020 01:51:27 GMT" time="10.110" errors="0">
  <testcase name="testTC001" time="10.110" classname="TestCases.TC001"/>
</testsuite> <!-- TestCases.TC001 -->
