<?xml version="1.0" encoding="UTF-8"?>
<!-- Generated by org.testng.reporters.JUnitReportReporter -->
<testsuite skipped="0" hostname="DESKTOP-OVVJR1P" name="TestCases.TC001" tests="1" failures="0" timestamp="23 Aug 2020 16:29:30 GMT" time="9.201" errors="0">
  <testcase name="testTC001" time="9.201" classname="TestCases.TC001"/>
</testsuite> <!-- TestCases.TC001 -->
