<?xml version="1.0" encoding="UTF-8"?>
<!-- Generated by org.testng.reporters.JUnitReportReporter -->
<testsuite skipped="0" hostname="DESKTOP-OVVJR1P" name="TestCases.TC002" tests="1" failures="0" timestamp="23 Aug 2020 16:29:30 GMT" time="8.250" errors="0">
  <testcase name="testTC002" time="8.250" classname="TestCases.TC002"/>
</testsuite> <!-- TestCases.TC002 -->
